<?xml version="1.0" encoding="UTF-8"?>
<testsuite name="com.example.dddstudy.CalculateDiscountServiceTest" tests="1" skipped="0" failures="0" errors="0" timestamp="2023-12-09T17:46:15" hostname="youhojoon.local" time="0.03">
  <properties/>
  <testcase name="구매자가 없다면 NoCustomerException을 던진다." classname="com.example.dddstudy.CalculateDiscountServiceTest" time="0.03"/>
  <system-out><![CDATA[02:46:15.026 [Test worker] INFO org.springframework.test.context.support.AnnotationConfigContextLoaderUtils -- Could not detect default configuration classes for test class [com.example.dddstudy.CalculateDiscountServiceTest]: CalculateDiscountServiceTest does not declare any static, non-private, non-final, nested classes annotated with @Configuration.
]]></system-out>
  <system-err><![CDATA[WARNING: A Java agent has been loaded dynamically (/Users/youhojoon/.gradle/caches/modules-2/files-2.1/net.bytebuddy/byte-buddy-agent/1.14.10/90ed94ac044ea8953b224304c762316e91fd6b31/byte-buddy-agent-1.14.10.jar)
WARNING: If a serviceability tool is in use, please run with -XX:+EnableDynamicAgentLoading to hide this warning
WARNING: If a serviceability tool is not in use, please run with -Djdk.instrument.traceUsage for more information
WARNING: Dynamic loading of agents will be disallowed by default in a future release
]]></system-err>
</testsuite>
