<?xml version="1.0" encoding="UTF-8"?>
<testsuite name="com.example.dddstudy.CalculateDiscountServiceTest" tests="1" skipped="0" failures="0" errors="0" timestamp="2023-12-12T06:39:37" hostname="MacBook-Air.local" time="0.063">
  <properties/>
  <testcase name="구매자가 없다면 NoCustomerException을 던진다." classname="com.example.dddstudy.CalculateDiscountServiceTest" time="0.063"/>
  <system-out><![CDATA[15:39:36.588 [Test worker] INFO org.springframework.test.context.support.AnnotationConfigContextLoaderUtils -- Could not detect default configuration classes for test class [com.example.dddstudy.CalculateDiscountServiceTest]: CalculateDiscountServiceTest does not declare any static, non-private, non-final, nested classes annotated with @Configuration.
]]></system-out>
  <system-err><![CDATA[]]></system-err>
</testsuite>
